# JRE version: Java(TM) SE Runtime Environment (8.0_101-b13) (build 1.8.0_101-b13)
# Java VM: Java HotSpot(TM) 64-Bit Server VM (25.101-b13 mixed mode linux-amd64 compressed oops)
Heap:
 garbage-first heap   total 264192K, used 168029K [0x00000000c0000000, 0x00000000c0100810, 0x0000000100000000)
  region size 1024K, 56 young (57344K), 9 survivors (9216K)
 Metaspace       used 132078K, capacity 141744K, committed 144000K, reserved 1173504K
  class space    used 16084K, capacity 19122K, committed 20864K, reserved 1048576K
GC Heap History (10 events):
Event: 4157,448 GC heap before
{Heap before GC invocations=67 (full 1):
 garbage-first heap   total 264192K, used 224486K [0x00000000c0000000, 0x00000000c0100810, 0x0000000100000000)
  region size 1024K, 114 young (116736K), 6 survivors (6144K)
 Metaspace       used 131841K, capacity 141364K, committed 144000K, reserved 1173504K
  class space    used 16056K, capacity 19084K, committed 20864K, reserved 1048576K
Event: 4157,498 GC heap after
Heap after GC invocations=68 (full 1):
 garbage-first heap   total 264192K, used 114406K [0x00000000c0000000, 0x00000000c0100810, 0x0000000100000000)
  region size 1024K, 7 young (7168K), 7 survivors (7168K)
 Metaspace       used 131841K, capacity 141364K, committed 144000K, reserved 1173504K
  class space    used 16056K, capacity 19084K, committed 20864K, reserved 1048576K
}
Event: 4164,407 GC heap before
{Heap before GC invocations=68 (full 1):
 garbage-first heap   total 264192K, used 226022K [0x00000000c0000000, 0x00000000c0100810, 0x0000000100000000)
  region size 1024K, 116 young (118784K), 7 survivors (7168K)
 Metaspace       used 131845K, capacity 141364K, committed 144000K, reserved 1173504K
  class space    used 16056K, capacity 19084K, committed 20864K, reserved 1048576K
Event: 4164,479 GC heap after
Heap after GC invocations=69 (full 1):
 garbage-first heap   total 264192K, used 120038K [0x00000000c0000000, 0x00000000c0100810, 0x0000000100000000)
  region size 1024K, 12 young (12288K), 12 survivors (12288K)
 Metaspace       used 131845K, capacity 141364K, committed 144000K, reserved 1173504K
  class space    used 16056K, capacity 19084K, committed 20864K, reserved 1048576K
}
Event: 4173,150 GC heap before
{Heap before GC invocations=69 (full 1):
 garbage-first heap   total 264192K, used 224486K [0x00000000c0000000, 0x00000000c0100810, 0x0000000100000000)
  region size 1024K, 114 young (116736K), 12 survivors (12288K)
 Metaspace       used 131861K, capacity 141364K, committed 144000K, reserved 1173504K
  class space    used 16056K, capacity 19084K, committed 20864K, reserved 1048576K
Event: 4173,202 GC heap after
Heap after GC invocations=70 (full 1):
 garbage-first heap   total 264192K, used 118711K [0x00000000c0000000, 0x00000000c0100810, 0x0000000100000000)
  region size 1024K, 9 young (9216K), 9 survivors (9216K)
 Metaspace       used 131861K, capacity 141364K, committed 144000K, reserved 1173504K
  class space    used 16056K, capacity 19084K, committed 20864K, reserved 1048576K
}
Event: 4183,209 GC heap before
{Heap before GC invocations=70 (full 1):
 garbage-first heap   total 264192K, used 225207K [0x00000000c0000000, 0x00000000c0100810, 0x0000000100000000)
  region size 1024K, 113 young (115712K), 9 survivors (9216K)
 Metaspace       used 131879K, capacity 141434K, committed 144000K, reserved 1173504K
  class space    used 16056K, capacity 19085K, committed 20864K, reserved 1048576K
Event: 4183,283 GC heap after
Heap after GC invocations=71 (full 1):
 garbage-first heap   total 264192K, used 120550K [0x00000000c0000000, 0x00000000c0100810, 0x0000000100000000)
  region size 1024K, 9 young (9216K), 9 survivors (9216K)
 Metaspace       used 131879K, capacity 141434K, committed 144000K, reserved 1173504K
  class space    used 16056K, capacity 19085K, committed 20864K, reserved 1048576K
}
Event: 4199,449 GC heap before
{Heap before GC invocations=71 (full 1):
 garbage-first heap   total 264192K, used 224998K [0x00000000c0000000, 0x00000000c0100810, 0x0000000100000000)
  region size 1024K, 111 young (113664K), 9 survivors (9216K)
 Metaspace       used 132030K, capacity 141616K, committed 144000K, reserved 1173504K
  class space    used 16080K, capacity 19122K, committed 20864K, reserved 1048576K
Event: 4199,495 GC heap after
Heap after GC invocations=72 (full 1):
 garbage-first heap   total 264192K, used 120925K [0x00000000c0000000, 0x00000000c0100810, 0x0000000100000000)
  region size 1024K, 9 young (9216K), 9 survivors (9216K)
 Metaspace       used 132030K, capacity 141616K, committed 144000K, reserved 1173504K
  class space    used 16080K, capacity 19122K, committed 20864K, reserved 1048576K
}

